<?xml version="1.0" encoding="UTF-8"?>
<robot generator="Robot 5.0.1 (Python 3.10.2 on win32)" generated="20220814 11:34:44.006" rpa="false" schemaversion="3">
<suite id="s1" name="Siga Testes" source="D:\OneDrive\UFPR\TADS\2022-1-Semestre-2022\DS252 - Eng de SW II\robotframework\pagHomeSept\siga_testes.robot">
<test id="s1-t1" name="CASO DE TESTE 1: Verifica página Notícias" line="13">
<kw name="Abrir o navegador" library="siga_resources" type="SETUP">
<kw name="Open Browser" library="SeleniumLibrary">
<arg>browser=${BROWSER}</arg>
<doc>Opens a new browser instance to the optional ``url``.</doc>
<msg timestamp="20220814 11:34:44.291" level="INFO">Opening browser 'chrome' to base url 'None'.</msg>
<status status="PASS" starttime="20220814 11:34:44.291" endtime="20220814 11:34:45.766"/>
</kw>
<kw name="Maximize Browser Window" library="SeleniumLibrary">
<doc>Maximizes current browser window.</doc>
<status status="PASS" starttime="20220814 11:34:45.766" endtime="20220814 11:34:45.915"/>
</kw>
<status status="PASS" starttime="20220814 11:34:44.290" endtime="20220814 11:34:45.915"/>
</kw>
<kw name="Acessar site do SIGA &quot;${URL}&quot;" library="siga_resources" sourcename="Acessar site do SIGA &quot;${SITE_SIGA}&quot;">
<kw name="Go To" library="SeleniumLibrary">
<arg>${SITE_SIGA}</arg>
<doc>Navigates the current browser window to the provided ``url``.</doc>
<msg timestamp="20220814 11:34:45.918" level="INFO">Opening url 'https://siga.ufpr.br/portal/'</msg>
<status status="PASS" starttime="20220814 11:34:45.917" endtime="20220814 11:34:53.349"/>
</kw>
<kw name="Wait Until Element Is Visible" library="SeleniumLibrary">
<arg>locator=${TITULO_PAGINA}</arg>
<doc>Waits until the element ``locator`` is visible.</doc>
<status status="PASS" starttime="20220814 11:34:53.349" endtime="20220814 11:34:53.392"/>
</kw>
<status status="PASS" starttime="20220814 11:34:45.916" endtime="20220814 11:34:53.393"/>
</kw>
<kw name="Clicar no menu &quot;${NOME_MENU}&quot;" library="siga_resources" sourcename="Clicar no menu &quot;${NOME_MENU}&quot;">
<kw name="Click Element" library="SeleniumLibrary">
<arg>locator=${MENU_NOTICIAS}</arg>
<doc>Click the element identified by ``locator``.</doc>
<msg timestamp="20220814 11:34:53.395" level="INFO">Clicking element '//a[@href='https://siga.ufpr.br/portal/noticias/'][contains(.,'Notícias')]'.</msg>
<status status="PASS" starttime="20220814 11:34:53.394" endtime="20220814 11:34:54.770"/>
</kw>
<status status="PASS" starttime="20220814 11:34:53.394" endtime="20220814 11:34:54.770"/>
</kw>
<kw name="Verificar se aparece na página &quot;Notícias&quot;" library="siga_resources" sourcename="Verificar se aparece na página &quot;${TEXTO}&quot;">
<kw name="Wait Until Element Is Visible" library="SeleniumLibrary">
<arg>locator=//h2[@class='ed-header-title'][contains(.,'${TEXTO}')]</arg>
<doc>Waits until the element ``locator`` is visible.</doc>
<status status="PASS" starttime="20220814 11:34:54.771" endtime="20220814 11:34:54.804"/>
</kw>
<status status="PASS" starttime="20220814 11:34:54.771" endtime="20220814 11:34:54.804"/>
</kw>
<kw name="Fechar o navegador" library="siga_resources" type="TEARDOWN">
<kw name="Close Browser" library="SeleniumLibrary">
<doc>Closes the current browser.</doc>
<status status="PASS" starttime="20220814 11:34:54.805" endtime="20220814 11:34:57.251"/>
</kw>
<status status="PASS" starttime="20220814 11:34:54.804" endtime="20220814 11:34:57.252"/>
</kw>
<doc>Acessa a home do site do SIGA</doc>
<tag>noticia</tag>
<status status="PASS" starttime="20220814 11:34:44.289" endtime="20220814 11:34:57.252"/>
</test>
<doc>Esta suíte de testes verifica o site do SIGA</doc>
<status status="PASS" starttime="20220814 11:34:44.008" endtime="20220814 11:34:57.254"/>
</suite>
<statistics>
<total>
<stat pass="1" fail="0" skip="0">All Tests</stat>
</total>
<tag>
<stat pass="1" fail="0" skip="0">noticia</stat>
</tag>
<suite>
<stat pass="1" fail="0" skip="0" id="s1" name="Siga Testes">Siga Testes</stat>
</suite>
</statistics>
<errors>
</errors>
</robot>
