<?xml version="1.0" encoding="UTF-8"?>
<robot generator="Robot 5.0.1 (Python 3.10.2 on win32)" generated="20220816 22:09:40.686" rpa="false" schemaversion="3">
<suite id="s1" name="Tads Testes" source="D:\OneDrive\UFPR\TADS\2022-1-Semestre-2022\DS252-Eng_de_SW_II\robotframework\pagEstagio\tads_testes.robot">
<test id="s1-t1" name="CASO DE TESTE 1: Verifica página COE (Estágio)" line="17">
<kw name="Abrir o navegador" library="tads_resources" type="SETUP">
<kw name="Open Browser" library="SeleniumLibrary">
<arg>browser=${BROWSER}</arg>
<doc>Opens a new browser instance to the optional ``url``.</doc>
<msg timestamp="20220816 22:09:40.911" level="INFO">Opening browser 'chrome' to base url 'None'.</msg>
<status status="PASS" starttime="20220816 22:09:40.911" endtime="20220816 22:09:42.264"/>
</kw>
<kw name="Maximize Browser Window" library="SeleniumLibrary">
<doc>Maximizes current browser window.</doc>
<status status="PASS" starttime="20220816 22:09:42.264" endtime="20220816 22:09:42.403"/>
</kw>
<status status="PASS" starttime="20220816 22:09:40.911" endtime="20220816 22:09:42.403"/>
</kw>
<kw name="Acessar site do TADS &quot;${URL}&quot;" library="tads_resources" sourcename="Acessar site do TADS &quot;${SITE_TADS}&quot;">
<kw name="Go To" library="SeleniumLibrary">
<arg>${SITE_TADS}</arg>
<doc>Navigates the current browser window to the provided ``url``.</doc>
<msg timestamp="20220816 22:09:42.406" level="INFO">Opening url 'https://www.tads.ufpr.br/'</msg>
<status status="PASS" starttime="20220816 22:09:42.405" endtime="20220816 22:09:46.415"/>
</kw>
<kw name="Wait Until Element Is Visible" library="SeleniumLibrary">
<arg>locator=//a[@role='menuitem'][contains(.,'COE (Estágio)')]</arg>
<doc>Waits until the element ``locator`` is visible.</doc>
<status status="PASS" starttime="20220816 22:09:46.415" endtime="20220816 22:09:46.441"/>
</kw>
<status status="PASS" starttime="20220816 22:09:42.404" endtime="20220816 22:09:46.442"/>
</kw>
<kw name="Clicar no menu &quot;${NOME_MENU}&quot;" library="tads_resources" sourcename="Clicar no menu &quot;${NOME_MENU}&quot;">
<kw name="Click Element" library="SeleniumLibrary">
<arg>locator=${MENU_ESTAGIO}</arg>
<doc>Click the element identified by ``locator``.</doc>
<msg timestamp="20220816 22:09:46.443" level="INFO">Clicking element '//a[@role='menuitem'][contains(.,'COE (Estágio)')]'.</msg>
<status status="PASS" starttime="20220816 22:09:46.443" endtime="20220816 22:09:47.911"/>
</kw>
<status status="PASS" starttime="20220816 22:09:46.442" endtime="20220816 22:09:47.911"/>
</kw>
<kw name="Verificar se aparece na página &quot;Estágio&quot;" library="tads_resources" sourcename="Verificar se aparece na página &quot;${TEXTO}&quot;">
<kw name="Wait Until Element Is Visible" library="SeleniumLibrary">
<arg>locator=//h1[@class='h2'][contains(.,'COE (${TEXTO})')]</arg>
<doc>Waits until the element ``locator`` is visible.</doc>
<status status="PASS" starttime="20220816 22:09:47.912" endtime="20220816 22:09:47.942"/>
</kw>
<status status="PASS" starttime="20220816 22:09:47.912" endtime="20220816 22:09:47.942"/>
</kw>
<kw name="Fechar o navegador" library="tads_resources" type="TEARDOWN">
<kw name="Close Browser" library="SeleniumLibrary">
<doc>Closes the current browser.</doc>
<status status="PASS" starttime="20220816 22:09:47.943" endtime="20220816 22:09:51.151"/>
</kw>
<status status="PASS" starttime="20220816 22:09:47.942" endtime="20220816 22:09:51.152"/>
</kw>
<doc>Acessa a home do site do TADS</doc>
<tag>estagio</tag>
<status status="PASS" starttime="20220816 22:09:40.910" endtime="20220816 22:09:51.152"/>
</test>
<test id="s1-t2" name="CASO DE TESTE 3: Verificar login inválido" line="24">
<kw name="Abrir o navegador" library="tads_resources" type="SETUP">
<kw name="Open Browser" library="SeleniumLibrary">
<arg>browser=${BROWSER}</arg>
<doc>Opens a new browser instance to the optional ``url``.</doc>
<msg timestamp="20220816 22:09:51.157" level="INFO">Opening browser 'chrome' to base url 'None'.</msg>
<status status="PASS" starttime="20220816 22:09:51.156" endtime="20220816 22:09:52.506"/>
</kw>
<kw name="Maximize Browser Window" library="SeleniumLibrary">
<doc>Maximizes current browser window.</doc>
<status status="PASS" starttime="20220816 22:09:52.506" endtime="20220816 22:09:52.644"/>
</kw>
<status status="PASS" starttime="20220816 22:09:51.156" endtime="20220816 22:09:52.644"/>
</kw>
<kw name="Acessar de login site do TADS &quot;${URL_LOGIN}&quot;" library="tads_resources" sourcename="Acessar de login site do TADS &quot;${SITE_TADS}&quot;">
<kw name="Go To" library="SeleniumLibrary">
<arg>${SITE_TADS}</arg>
<doc>Navigates the current browser window to the provided ``url``.</doc>
<msg timestamp="20220816 22:09:52.648" level="INFO">Opening url 'https://www.tads.ufpr.br/login/index.php'</msg>
<status status="PASS" starttime="20220816 22:09:52.647" endtime="20220816 22:09:56.444"/>
</kw>
<kw name="Wait Until Element Is Visible" library="SeleniumLibrary">
<arg>locator=username</arg>
<doc>Waits until the element ``locator`` is visible.</doc>
<status status="PASS" starttime="20220816 22:09:56.444" endtime="20220816 22:09:56.469"/>
</kw>
<status status="PASS" starttime="20220816 22:09:52.646" endtime="20220816 22:09:56.469"/>
</kw>
<kw name="Preenhcer nome de usuário &quot;${NOME_USUARIO}&quot;" library="tads_resources" sourcename="Preenhcer nome de usuário &quot;${NOME_USUARIO}&quot;">
<kw name="Input Text" library="SeleniumLibrary">
<arg>locator=//input[contains(@type,'text')]</arg>
<arg>text=${NOME_USUARIO}</arg>
<doc>Types the given ``text`` into the text field identified by ``locator``.</doc>
<msg timestamp="20220816 22:09:56.471" level="INFO">Typing text 'GRR20175486' into text field '//input[contains(@type,'text')]'.</msg>
<status status="PASS" starttime="20220816 22:09:56.471" endtime="20220816 22:09:56.572"/>
</kw>
<status status="PASS" starttime="20220816 22:09:56.470" endtime="20220816 22:09:56.572"/>
</kw>
<kw name="Preencher senha &quot;${SENHA_USUARIO}&quot;" library="tads_resources" sourcename="Preencher senha &quot;${SENHA_USUARIO}&quot;">
<kw name="Input Text" library="SeleniumLibrary">
<arg>locator=//input[contains(@type,'password')]</arg>
<arg>text=${SENHA_USUARIO}</arg>
<doc>Types the given ``text`` into the text field identified by ``locator``.</doc>
<msg timestamp="20220816 22:09:56.574" level="INFO">Typing text 'senhaeerada' into text field '//input[contains(@type,'password')]'.</msg>
<status status="PASS" starttime="20220816 22:09:56.574" endtime="20220816 22:09:56.672"/>
</kw>
<status status="PASS" starttime="20220816 22:09:56.573" endtime="20220816 22:09:56.672"/>
</kw>
<kw name="Clicar em &quot;Acessar&quot;" library="tads_resources">
<kw name="Click Button" library="SeleniumLibrary">
<arg>locator=loginbtn</arg>
<doc>Clicks the button identified by ``locator``.</doc>
<msg timestamp="20220816 22:09:56.673" level="INFO">Clicking button 'loginbtn'.</msg>
<status status="PASS" starttime="20220816 22:09:56.673" endtime="20220816 22:09:59.071"/>
</kw>
<status status="PASS" starttime="20220816 22:09:56.673" endtime="20220816 22:09:59.072"/>
</kw>
<kw name="Verificar se login não foi efetuado" library="tads_resources">
<kw name="Wait Until Element Is Visible" library="SeleniumLibrary">
<arg>locator=//div[@class='alert alert-danger']</arg>
<doc>Waits until the element ``locator`` is visible.</doc>
<status status="PASS" starttime="20220816 22:09:59.073" endtime="20220816 22:09:59.097"/>
</kw>
<status status="PASS" starttime="20220816 22:09:59.073" endtime="20220816 22:09:59.097"/>
</kw>
<kw name="Fechar o navegador" library="tads_resources" type="TEARDOWN">
<kw name="Close Browser" library="SeleniumLibrary">
<doc>Closes the current browser.</doc>
<status status="PASS" starttime="20220816 22:09:59.098" endtime="20220816 22:10:01.269"/>
</kw>
<status status="PASS" starttime="20220816 22:09:59.097" endtime="20220816 22:10:01.269"/>
</kw>
<doc>Verificar login de usuário inválido</doc>
<tag>acesso</tag>
<tag>invalido</tag>
<tag>senha</tag>
<status status="PASS" starttime="20220816 22:09:51.155" endtime="20220816 22:10:01.270"/>
</test>
<doc>Esta suíte de testes verifica o site do SIGA</doc>
<status status="PASS" starttime="20220816 22:09:40.688" endtime="20220816 22:10:01.273"/>
</suite>
<statistics>
<total>
<stat pass="2" fail="0" skip="0">All Tests</stat>
</total>
<tag>
<stat pass="1" fail="0" skip="0">acesso</stat>
<stat pass="1" fail="0" skip="0">estagio</stat>
<stat pass="1" fail="0" skip="0">invalido</stat>
<stat pass="1" fail="0" skip="0">senha</stat>
</tag>
<suite>
<stat pass="2" fail="0" skip="0" id="s1" name="Tads Testes">Tads Testes</stat>
</suite>
</statistics>
<errors>
</errors>
</robot>
